<?xml version="1.0" encoding="UTF-8"?>
<testsuite xmlns:xsi="http://www.w3.org/2001/XMLSchema-instance" xsi:noNamespaceSchemaLocation="https://maven.apache.org/surefire/maven-surefire-plugin/xsd/surefire-test-report-3.0.xsd" version="3.0" name="com.civka.calculatordemo.CalculatorDemoApplicationTests" time="2.073" tests="1" errors="0" skipped="0" failures="0">
  <properties>
[...]
</properties>
  <testcase name="contextLoads" classname="com.civka.calculatordemo.CalculatorDemoApplicationTests" time="0.648">
    <system-out><![CDATA[04:27:20.680 [main] INFO org.springframework.test.context.support.AnnotationConfigContextLoaderUtils -- Could not detect default configuration classes for test class [com.civka.calculatordemo.CalculatorDemoApplicationTests]: CalculatorDemoApplicationTests does not declare any static, non-private, non-final, nested classes annotated with @Configuration.
04:27:20.762 [main] INFO org.springframework.boot.test.context.SpringBootTestContextBootstrapper -- Found @SpringBootConfiguration com.civka.calculatordemo.CalculatorDemoApplication for test class com.civka.calculatordemo.CalculatorDemoApplicationTests
04:27:20.888 [main] INFO org.springframework.boot.devtools.restart.RestartApplicationListener -- Restart disabled due to context in which it is running

  .   ____          _            __ _ _
 /\\ / ___'_ __ _ _(_)_ __  __ _ \ \ \ \
( ( )\___ | '_ | '_| | '_ \/ _` | \ \ \ \
 \\/  ___)| |_)| | | | | || (_| |  ) ) ) )
  '  |____| .__|_| |_|_| |_\__, | / / / /
 =========|_|==============|___/=/_/_/_/
 :: Spring Boot ::                (v3.2.2)

2024-02-06T04:27:21.080+01:00  INFO 5140 --- [           main] c.c.c.CalculatorDemoApplicationTests     : Starting CalculatorDemoApplicationTests using Java 19.0.2 with PID 5140 (started by dimitri in C:\CodeShit\Java\calculator-demo)
2024-02-06T04:27:21.081+01:00  INFO 5140 --- [           main] c.c.c.CalculatorDemoApplicationTests     : No active profile set, falling back to 1 default profile: "default"
2024-02-06T04:27:21.757+01:00  INFO 5140 --- [           main] o.s.b.a.w.s.WelcomePageHandlerMapping    : Adding welcome page template: index
2024-02-06T04:27:21.960+01:00  INFO 5140 --- [           main] c.c.c.CalculatorDemoApplicationTests     : Started CalculatorDemoApplicationTests in 1.081 seconds (process running for 1.802)
]]></system-out>
  </testcase>
</testsuite>